<?xml version="1.0" encoding="UTF-8"?>
<testng-results skipped="0" failed="0" ignored="2" total="5" passed="3">
  <reporter-output>
  </reporter-output>
  <suite name="Default suite" duration-ms="82" started-at="2018-08-04T05:10:32Z" finished-at="2018-08-04T05:10:32Z">
    <groups>
    </groups>
    <test name="Default test" duration-ms="82" started-at="2018-08-04T05:10:32Z" finished-at="2018-08-04T05:10:32Z">
      <class name="example.Test2">
        <test-method status="PASS" signature="getCurrentTestCaseName()[pri:0, instance:example.Test2@c038203]" name="getCurrentTestCaseName" duration-ms="12" started-at="2018-08-04T05:10:32Z" finished-at="2018-08-04T05:10:32Z">
          <reporter-output>
          </reporter-output>
        </test-method> <!-- getCurrentTestCaseName -->
        <test-method status="PASS" signature="getCurrentTimeStamp()[pri:0, instance:example.Test2@c038203]" name="getCurrentTimeStamp" duration-ms="28" started-at="2018-08-04T05:10:32Z" finished-at="2018-08-04T05:10:32Z">
          <reporter-output>
          </reporter-output>
        </test-method> <!-- getCurrentTimeStamp -->
        <test-method status="PASS" signature="getCurrentTimeinMillis()[pri:0, instance:example.Test2@c038203]" name="getCurrentTimeinMillis" duration-ms="4" started-at="2018-08-04T05:10:32Z" finished-at="2018-08-04T05:10:32Z">
          <reporter-output>
          </reporter-output>
        </test-method> <!-- getCurrentTimeinMillis -->
      </class> <!-- example.Test2 -->
    </test> <!-- Default test -->
  </suite> <!-- Default suite -->
</testng-results>
