<?xml version="1.0" encoding="UTF-8"?>
<!-- Generated by org.testng.reporters.JUnitXMLReporter -->
<testsuite hostname="USER" ignored="2" name="Default test" tests="3" failures="0" timestamp="04 Aug 2018 05:10:32 GMT" time="0.082" errors="0">
  <testcase name="getCurrentTestCaseName" time="0.012" classname="example.Test2"/>
  <testcase name="getCurrentTimeStamp" time="0.028" classname="example.Test2"/>
  <testcase name="getCurrentTimeinMillis" time="0.004" classname="example.Test2"/>
  <testcase name="getLengthofArray" time="0.0" classname="example.Test2">
    <ignored/>
  </testcase> <!-- getLengthofArray -->
  <testcase name="method1" time="0.0" classname="example.Test2">
    <ignored/>
  </testcase> <!-- method1 -->
</testsuite> <!-- Default test -->
